{"C:\\Users\\Imed Jaberi\\Desktop\\my-projects\\Node JS Packages\\any-to-any\\dist\\index.js":{"path":"C:\\Users\\Imed Jaberi\\Desktop\\my-projects\\Node JS Packages\\any-to-any\\dist\\index.js","s":{"1":1,"2":1,"3":1,"4":38,"5":1},"b":{},"f":{"1":38},"fnMap":{"1":{"name":"Convert","line":4,"loc":{"start":{"line":4,"column":0},"end":{"line":4,"column":53}}}},"statementMap":{"1":{"start":{"line":2,"column":0},"end":{"line":2,"column":62}},"2":{"start":{"line":3,"column":0},"end":{"line":3,"column":71}},"3":{"start":{"line":4,"column":0},"end":{"line":6,"column":1}},"4":{"start":{"line":5,"column":4},"end":{"line":5,"column":90}},"5":{"start":{"line":7,"column":0},"end":{"line":7,"column":26}}},"branchMap":{}},"C:\\Users\\Imed Jaberi\\Desktop\\my-projects\\Node JS Packages\\any-to-any\\dist\\src\\convert-between-bases.js":{"path":"C:\\Users\\Imed Jaberi\\Desktop\\my-projects\\Node JS Packages\\any-to-any\\dist\\src\\convert-between-bases.js","s":{"1":1,"2":18,"3":18,"4":18,"5":18,"6":18,"7":66,"8":66,"9":66,"10":18,"11":18,"12":18,"13":18,"14":18,"15":96,"16":96,"17":96,"18":96,"19":18,"20":38,"21":16,"22":38,"23":1,"24":37,"25":1,"26":36,"27":36,"28":1,"29":35,"30":35,"31":35,"32":35,"33":1,"34":34,"35":1,"36":33,"37":123,"38":1,"39":32,"40":38,"41":30,"42":38,"43":38,"44":6,"45":32,"46":0,"47":32,"48":8,"49":24,"50":24,"51":24,"52":12,"53":12,"54":24,"55":6,"56":6,"57":18,"58":6,"59":12,"60":12,"61":1},"b":{"1":[60,6],"2":[66,66],"3":[92,4],"4":[96,96],"5":[16,22],"6":[1,37],"7":[38,37],"8":[1,36],"9":[37,37],"10":[36,0],"11":[1,35],"12":[1,34],"13":[1,33],"14":[34,0,0,34,34,26,33,33,8],"15":[1,122],"16":[30,8],"17":[6,32],"18":[0,32],"19":[32,0,0],"20":[8,24],"21":[6,18],"22":[12,12],"23":[6,18],"24":[6,0],"25":[6,12],"26":[12,0]},"f":{"1":18,"2":18,"3":38,"4":38},"fnMap":{"1":{"name":"(anonymous_1)","line":5,"loc":{"start":{"line":5,"column":20},"end":{"line":5,"column":45}}},"2":{"name":"(anonymous_2)","line":18,"loc":{"start":{"line":18,"column":20},"end":{"line":18,"column":46}}},"3":{"name":"(anonymous_3)","line":31,"loc":{"start":{"line":31,"column":20},"end":{"line":31,"column":57}}},"4":{"name":"(anonymous_4)","line":74,"loc":{"start":{"line":74,"column":8},"end":{"line":74,"column":45}}}},"statementMap":{"1":{"start":{"line":2,"column":0},"end":{"line":2,"column":62}},"2":{"start":{"line":6,"column":8},"end":{"line":6,"column":18}},"3":{"start":{"line":7,"column":8},"end":{"line":7,"column":23}},"4":{"start":{"line":8,"column":8},"end":{"line":8,"column":22}},"5":{"start":{"line":9,"column":8},"end":{"line":9,"column":26}},"6":{"start":{"line":10,"column":8},"end":{"line":14,"column":9}},"7":{"start":{"line":11,"column":12},"end":{"line":11,"column":184}},"8":{"start":{"line":12,"column":12},"end":{"line":12,"column":44}},"9":{"start":{"line":13,"column":12},"end":{"line":13,"column":31}},"10":{"start":{"line":15,"column":8},"end":{"line":15,"column":22}},"11":{"start":{"line":19,"column":8},"end":{"line":19,"column":24}},"12":{"start":{"line":20,"column":8},"end":{"line":20,"column":26}},"13":{"start":{"line":21,"column":8},"end":{"line":21,"column":26}},"14":{"start":{"line":22,"column":8},"end":{"line":27,"column":36}},"15":{"start":{"line":23,"column":12},"end":{"line":23,"column":53}},"16":{"start":{"line":24,"column":12},"end":{"line":24,"column":140}},"17":{"start":{"line":25,"column":12},"end":{"line":25,"column":44}},"18":{"start":{"line":26,"column":12},"end":{"line":26,"column":74}},"19":{"start":{"line":28,"column":8},"end":{"line":28,"column":22}},"20":{"start":{"line":32,"column":8},"end":{"line":34,"column":9}},"21":{"start":{"line":33,"column":12},"end":{"line":33,"column":47}},"22":{"start":{"line":35,"column":8},"end":{"line":69,"column":9}},"23":{"start":{"line":36,"column":12},"end":{"line":36,"column":83}},"24":{"start":{"line":38,"column":13},"end":{"line":69,"column":9}},"25":{"start":{"line":39,"column":12},"end":{"line":39,"column":85}},"26":{"start":{"line":41,"column":13},"end":{"line":69,"column":9}},"27":{"start":{"line":42,"column":12},"end":{"line":67,"column":13}},"28":{"start":{"line":43,"column":16},"end":{"line":43,"column":92}},"29":{"start":{"line":46,"column":16},"end":{"line":46,"column":65}},"30":{"start":{"line":47,"column":16},"end":{"line":47,"column":67}},"31":{"start":{"line":48,"column":16},"end":{"line":48,"column":74}},"32":{"start":{"line":49,"column":16},"end":{"line":65,"column":17}},"33":{"start":{"line":50,"column":20},"end":{"line":50,"column":121}},"34":{"start":{"line":52,"column":21},"end":{"line":65,"column":17}},"35":{"start":{"line":57,"column":20},"end":{"line":57,"column":108}},"36":{"start":{"line":60,"column":20},"end":{"line":64,"column":21}},"37":{"start":{"line":61,"column":24},"end":{"line":63,"column":25}},"38":{"start":{"line":62,"column":28},"end":{"line":62,"column":134}},"39":{"start":{"line":71,"column":8},"end":{"line":71,"column":22}},"40":{"start":{"line":75,"column":8},"end":{"line":77,"column":9}},"41":{"start":{"line":76,"column":12},"end":{"line":76,"column":63}},"42":{"start":{"line":78,"column":8},"end":{"line":78,"column":91}},"43":{"start":{"line":79,"column":8},"end":{"line":81,"column":9}},"44":{"start":{"line":80,"column":12},"end":{"line":80,"column":27}},"45":{"start":{"line":82,"column":8},"end":{"line":116,"column":9}},"46":{"start":{"line":83,"column":12},"end":{"line":83,"column":23}},"47":{"start":{"line":86,"column":12},"end":{"line":114,"column":13}},"48":{"start":{"line":87,"column":16},"end":{"line":87,"column":46}},"49":{"start":{"line":90,"column":16},"end":{"line":90,"column":32}},"50":{"start":{"line":91,"column":16},"end":{"line":91,"column":103}},"51":{"start":{"line":92,"column":16},"end":{"line":97,"column":17}},"52":{"start":{"line":93,"column":20},"end":{"line":93,"column":76}},"53":{"start":{"line":96,"column":20},"end":{"line":96,"column":31}},"54":{"start":{"line":99,"column":16},"end":{"line":112,"column":17}},"55":{"start":{"line":100,"column":20},"end":{"line":100,"column":106}},"56":{"start":{"line":101,"column":20},"end":{"line":101,"column":82}},"57":{"start":{"line":104,"column":20},"end":{"line":110,"column":21}},"58":{"start":{"line":105,"column":24},"end":{"line":105,"column":107}},"59":{"start":{"line":108,"column":24},"end":{"line":108,"column":168}},"60":{"start":{"line":109,"column":24},"end":{"line":109,"column":86}},"61":{"start":{"line":122,"column":0},"end":{"line":122,"column":38}}},"branchMap":{"1":{"line":11,"type":"cond-expr","locations":[{"start":{"line":11,"column":101},"end":{"line":11,"column":136}},{"start":{"line":11,"column":139},"end":{"line":11,"column":183}}]},"2":{"line":11,"type":"binary-expr","locations":[{"start":{"line":11,"column":29},"end":{"line":11,"column":61}},{"start":{"line":11,"column":65},"end":{"line":11,"column":97}}]},"3":{"line":24,"type":"cond-expr","locations":[{"start":{"line":24,"column":73},"end":{"line":24,"column":97}},{"start":{"line":24,"column":100},"end":{"line":24,"column":139}}]},"4":{"line":24,"type":"binary-expr","locations":[{"start":{"line":24,"column":29},"end":{"line":24,"column":47}},{"start":{"line":24,"column":51},"end":{"line":24,"column":69}}]},"5":{"line":32,"type":"if","locations":[{"start":{"line":32,"column":8},"end":{"line":32,"column":8}},{"start":{"line":32,"column":8},"end":{"line":32,"column":8}}]},"6":{"line":35,"type":"if","locations":[{"start":{"line":35,"column":8},"end":{"line":35,"column":8}},{"start":{"line":35,"column":8},"end":{"line":35,"column":8}}]},"7":{"line":35,"type":"binary-expr","locations":[{"start":{"line":35,"column":12},"end":{"line":35,"column":25}},{"start":{"line":35,"column":29},"end":{"line":35,"column":43}}]},"8":{"line":38,"type":"if","locations":[{"start":{"line":38,"column":13},"end":{"line":38,"column":13}},{"start":{"line":38,"column":13},"end":{"line":38,"column":13}}]},"9":{"line":38,"type":"binary-expr","locations":[{"start":{"line":38,"column":17},"end":{"line":38,"column":31}},{"start":{"line":38,"column":35},"end":{"line":38,"column":50}}]},"10":{"line":41,"type":"if","locations":[{"start":{"line":41,"column":13},"end":{"line":41,"column":13}},{"start":{"line":41,"column":13},"end":{"line":41,"column":13}}]},"11":{"line":42,"type":"if","locations":[{"start":{"line":42,"column":12},"end":{"line":42,"column":12}},{"start":{"line":42,"column":12},"end":{"line":42,"column":12}}]},"12":{"line":49,"type":"if","locations":[{"start":{"line":49,"column":16},"end":{"line":49,"column":16}},{"start":{"line":49,"column":16},"end":{"line":49,"column":16}}]},"13":{"line":52,"type":"if","locations":[{"start":{"line":52,"column":21},"end":{"line":52,"column":21}},{"start":{"line":52,"column":21},"end":{"line":52,"column":21}}]},"14":{"line":52,"type":"binary-expr","locations":[{"start":{"line":52,"column":26},"end":{"line":52,"column":49}},{"start":{"line":52,"column":53},"end":{"line":52,"column":78}},{"start":{"line":52,"column":82},"end":{"line":52,"column":128}},{"start":{"line":54,"column":25},"end":{"line":54,"column":48}},{"start":{"line":54,"column":52},"end":{"line":54,"column":77}},{"start":{"line":54,"column":81},"end":{"line":54,"column":125}},{"start":{"line":56,"column":25},"end":{"line":56,"column":48}},{"start":{"line":56,"column":52},"end":{"line":56,"column":77}},{"start":{"line":56,"column":81},"end":{"line":56,"column":153}}]},"15":{"line":61,"type":"if","locations":[{"start":{"line":61,"column":24},"end":{"line":61,"column":24}},{"start":{"line":61,"column":24},"end":{"line":61,"column":24}}]},"16":{"line":75,"type":"if","locations":[{"start":{"line":75,"column":8},"end":{"line":75,"column":8}},{"start":{"line":75,"column":8},"end":{"line":75,"column":8}}]},"17":{"line":79,"type":"if","locations":[{"start":{"line":79,"column":8},"end":{"line":79,"column":8}},{"start":{"line":79,"column":8},"end":{"line":79,"column":8}}]},"18":{"line":82,"type":"if","locations":[{"start":{"line":82,"column":8},"end":{"line":82,"column":8}},{"start":{"line":82,"column":8},"end":{"line":82,"column":8}}]},"19":{"line":82,"type":"binary-expr","locations":[{"start":{"line":82,"column":12},"end":{"line":82,"column":47}},{"start":{"line":82,"column":51},"end":{"line":82,"column":91}},{"start":{"line":82,"column":95},"end":{"line":82,"column":135}}]},"20":{"line":86,"type":"if","locations":[{"start":{"line":86,"column":12},"end":{"line":86,"column":12}},{"start":{"line":86,"column":12},"end":{"line":86,"column":12}}]},"21":{"line":91,"type":"cond-expr","locations":[{"start":{"line":91,"column":66},"end":{"line":91,"column":88}},{"start":{"line":91,"column":91},"end":{"line":91,"column":102}}]},"22":{"line":92,"type":"if","locations":[{"start":{"line":92,"column":16},"end":{"line":92,"column":16}},{"start":{"line":92,"column":16},"end":{"line":92,"column":16}}]},"23":{"line":99,"type":"if","locations":[{"start":{"line":99,"column":16},"end":{"line":99,"column":16}},{"start":{"line":99,"column":16},"end":{"line":99,"column":16}}]},"24":{"line":100,"type":"cond-expr","locations":[{"start":{"line":100,"column":70},"end":{"line":100,"column":91}},{"start":{"line":100,"column":94},"end":{"line":100,"column":105}}]},"25":{"line":104,"type":"if","locations":[{"start":{"line":104,"column":20},"end":{"line":104,"column":20}},{"start":{"line":104,"column":20},"end":{"line":104,"column":20}}]},"26":{"line":108,"type":"cond-expr","locations":[{"start":{"line":108,"column":74},"end":{"line":108,"column":119}},{"start":{"line":108,"column":122},"end":{"line":108,"column":167}}]}}}}