TN:
SF:C:\Users\Imed Jaberi\Desktop\my-projects\Node JS Packages\any-to-any\dist\index.js
FN:4,Convert
FNF:1
FNH:1
FNDA:38,Convert
DA:2,1
DA:3,1
DA:4,1
DA:5,38
DA:7,1
LF:5
LH:5
BRF:0
BRH:0
end_of_record
TN:
SF:C:\Users\Imed Jaberi\Desktop\my-projects\Node JS Packages\any-to-any\dist\src\convert-between-bases.js
FN:5,(anonymous_1)
FN:18,(anonymous_2)
FN:31,(anonymous_3)
FN:74,(anonymous_4)
FNF:4
FNH:4
FNDA:18,(anonymous_1)
FNDA:18,(anonymous_2)
FNDA:38,(anonymous_3)
FNDA:38,(anonymous_4)
DA:2,1
DA:6,18
DA:7,18
DA:8,18
DA:9,18
DA:10,18
DA:11,66
DA:12,66
DA:13,66
DA:15,18
DA:19,18
DA:20,18
DA:21,18
DA:22,18
DA:23,96
DA:24,96
DA:25,96
DA:26,96
DA:28,18
DA:32,38
DA:33,16
DA:35,38
DA:36,1
DA:38,37
DA:39,1
DA:41,36
DA:42,36
DA:43,1
DA:46,35
DA:47,35
DA:48,35
DA:49,35
DA:50,1
DA:52,34
DA:57,1
DA:60,33
DA:61,123
DA:62,1
DA:71,32
DA:75,38
DA:76,30
DA:78,38
DA:79,38
DA:80,6
DA:82,32
DA:83,0
DA:86,32
DA:87,8
DA:90,24
DA:91,24
DA:92,24
DA:93,12
DA:96,12
DA:99,24
DA:100,6
DA:101,6
DA:104,18
DA:105,6
DA:108,12
DA:109,12
DA:122,1
LF:61
LH:60
BRDA:11,1,0,60
BRDA:11,1,1,6
BRDA:11,2,0,66
BRDA:11,2,1,66
BRDA:24,3,0,92
BRDA:24,3,1,4
BRDA:24,4,0,96
BRDA:24,4,1,96
BRDA:32,5,0,16
BRDA:32,5,1,22
BRDA:35,6,0,1
BRDA:35,6,1,37
BRDA:35,7,0,38
BRDA:35,7,1,37
BRDA:38,8,0,1
BRDA:38,8,1,36
BRDA:38,9,0,37
BRDA:38,9,1,37
BRDA:41,10,0,36
BRDA:41,10,1,0
BRDA:42,11,0,1
BRDA:42,11,1,35
BRDA:49,12,0,1
BRDA:49,12,1,34
BRDA:52,13,0,1
BRDA:52,13,1,33
BRDA:52,14,0,34
BRDA:52,14,1,0
BRDA:52,14,2,0
BRDA:52,14,3,34
BRDA:52,14,4,34
BRDA:52,14,5,26
BRDA:52,14,6,33
BRDA:52,14,7,33
BRDA:52,14,8,8
BRDA:61,15,0,1
BRDA:61,15,1,122
BRDA:75,16,0,30
BRDA:75,16,1,8
BRDA:79,17,0,6
BRDA:79,17,1,32
BRDA:82,18,0,0
BRDA:82,18,1,32
BRDA:82,19,0,32
BRDA:82,19,1,0
BRDA:82,19,2,0
BRDA:86,20,0,8
BRDA:86,20,1,24
BRDA:91,21,0,6
BRDA:91,21,1,18
BRDA:92,22,0,12
BRDA:92,22,1,12
BRDA:99,23,0,6
BRDA:99,23,1,18
BRDA:100,24,0,6
BRDA:100,24,1,0
BRDA:104,25,0,6
BRDA:104,25,1,12
BRDA:108,26,0,12
BRDA:108,26,1,0
BRF:60
BRH:52
end_of_record
